<?xml version="1.0" encoding="UTF-8"?>
<testsuites>
  <testsuite name="/home/infy/websockets/phpunit.xml" tests="26" assertions="61" errors="0" failures="0" skipped="2" time="0.037453">
    <testsuite name="Unit" tests="26" assertions="61" errors="0" failures="0" skipped="2" time="0.037453">
      <testsuite name="HighPerApp\HighPer\WebSockets\Tests\Unit\WebSocketServerTest" file="/home/infy/websockets/tests/Unit/WebSocketServerTest.php" tests="26" assertions="61" errors="0" failures="0" skipped="2" time="0.037453">
        <testcase name="testWebSocketServerHandlesMiddlewareExceptionsCorrectly" file="/home/infy/websockets/tests/Unit/WebSocketServerTest.php" line="278" class="HighPerApp\HighPer\WebSockets\Tests\Unit\WebSocketServerTest" classname="HighPerApp.HighPer.WebSockets.Tests.Unit.WebSocketServerTest" assertions="2" time="0.006398"/>
        <testcase name="testWebSocketServerCanBeInstantiatedWithValidConfiguration" file="/home/infy/websockets/tests/Unit/WebSocketServerTest.php" line="42" class="HighPerApp\HighPer\WebSockets\Tests\Unit\WebSocketServerTest" classname="HighPerApp.HighPer.WebSockets.Tests.Unit.WebSocketServerTest" assertions="3" time="0.000214"/>
        <testcase name="testWebSocketServerCanRegisterEventHandlers" file="/home/infy/websockets/tests/Unit/WebSocketServerTest.php" line="84" class="HighPerApp\HighPer\WebSockets\Tests\Unit\WebSocketServerTest" classname="HighPerApp.HighPer.WebSockets.Tests.Unit.WebSocketServerTest" assertions="3" time="0.000199"/>
        <testcase name="testWebSocketServerTracksConnectionsCorrectly" file="/home/infy/websockets/tests/Unit/WebSocketServerTest.php" line="118" class="HighPerApp\HighPer\WebSockets\Tests\Unit\WebSocketServerTest" classname="HighPerApp.HighPer.WebSockets.Tests.Unit.WebSocketServerTest" assertions="8" time="0.000380"/>
        <testcase name="testWebSocketServerEnforcesConnectionLimits" file="/home/infy/websockets/tests/Unit/WebSocketServerTest.php" line="141" class="HighPerApp\HighPer\WebSockets\Tests\Unit\WebSocketServerTest" classname="HighPerApp.HighPer.WebSockets.Tests.Unit.WebSocketServerTest" assertions="2" time="0.000694"/>
        <testcase name="testWebSocketServerCanBroadcastMessagesToAllConnections" file="/home/infy/websockets/tests/Unit/WebSocketServerTest.php" line="160" class="HighPerApp\HighPer\WebSockets\Tests\Unit\WebSocketServerTest" classname="HighPerApp.HighPer.WebSockets.Tests.Unit.WebSocketServerTest" assertions="4" time="0.000478"/>
        <testcase name="testWebSocketServerHandlesMessageValidationCorrectly" file="/home/infy/websockets/tests/Unit/WebSocketServerTest.php" line="227" class="HighPerApp\HighPer\WebSockets\Tests\Unit\WebSocketServerTest" classname="HighPerApp.HighPer.WebSockets.Tests.Unit.WebSocketServerTest" assertions="2" time="0.000186"/>
        <testcase name="testWebSocketServerSupportsMiddlewareCorrectly" file="/home/infy/websockets/tests/Unit/WebSocketServerTest.php" line="250" class="HighPerApp\HighPer\WebSockets\Tests\Unit\WebSocketServerTest" classname="HighPerApp.HighPer.WebSockets.Tests.Unit.WebSocketServerTest" assertions="1" time="0.000147"/>
        <testcase name="testWebSocketServerProvidesServerStatistics" file="/home/infy/websockets/tests/Unit/WebSocketServerTest.php" line="299" class="HighPerApp\HighPer\WebSockets\Tests\Unit\WebSocketServerTest" classname="HighPerApp.HighPer.WebSockets.Tests.Unit.WebSocketServerTest" assertions="5" time="0.000432"/>
        <testcase name="testWebSocketServerSupportsFrameCompression" file="/home/infy/websockets/tests/Unit/WebSocketServerTest.php" line="347" class="HighPerApp\HighPer\WebSockets\Tests\Unit\WebSocketServerTest" classname="HighPerApp.HighPer.WebSockets.Tests.Unit.WebSocketServerTest" assertions="2" time="0.000277"/>
        <testcase name="testWebSocketServerHandlesSslConfigurationCorrectly" file="/home/infy/websockets/tests/Unit/WebSocketServerTest.php" line="384" class="HighPerApp\HighPer\WebSockets\Tests\Unit\WebSocketServerTest" classname="HighPerApp.HighPer.WebSockets.Tests.Unit.WebSocketServerTest" assertions="3" time="0.000074"/>
        <testcase name="testWebSocketServerValidatesFrameStructureCorrectly" file="/home/infy/websockets/tests/Unit/WebSocketServerTest.php" line="488" class="HighPerApp\HighPer\WebSockets\Tests\Unit\WebSocketServerTest" classname="HighPerApp.HighPer.WebSockets.Tests.Unit.WebSocketServerTest" assertions="3" time="0.000096"/>
        <testcase name="testWebSocketServerHandlesConcurrentOperationsSafely" file="/home/infy/websockets/tests/Unit/WebSocketServerTest.php" line="455" class="HighPerApp\HighPer\WebSockets\Tests\Unit\WebSocketServerTest" classname="HighPerApp.HighPer.WebSockets.Tests.Unit.WebSocketServerTest" assertions="3" time="0.001969"/>
        <testcase name="testWebSocketServerPerformanceIsAcceptable" file="/home/infy/websockets/tests/Unit/WebSocketServerTest.php" line="405" class="HighPerApp\HighPer\WebSockets\Tests\Unit\WebSocketServerTest" classname="HighPerApp.HighPer.WebSockets.Tests.Unit.WebSocketServerTest" assertions="1" time="0.003630"/>
        <testcase name="testWebSocketServerMemoryUsageStaysReasonable" file="/home/infy/websockets/tests/Unit/WebSocketServerTest.php" line="433" class="HighPerApp\HighPer\WebSockets\Tests\Unit\WebSocketServerTest" classname="HighPerApp.HighPer.WebSockets.Tests.Unit.WebSocketServerTest" assertions="1" time="0.020911"/>
        <testcase name="testWebSocketServerCanBroadcastToSpecificConnections" file="/home/infy/websockets/tests/Unit/WebSocketServerTest.php" line="188" class="HighPerApp\HighPer\WebSockets\Tests\Unit\WebSocketServerTest" classname="HighPerApp.HighPer.WebSockets.Tests.Unit.WebSocketServerTest" assertions="0" time="0.000383">
          <skipped/>
        </testcase>
        <testcase name="testWebSocketServerHandlesConnectionTimeoutsCorrectly" file="/home/infy/websockets/tests/Unit/WebSocketServerTest.php" line="322" class="HighPerApp\HighPer\WebSockets\Tests\Unit\WebSocketServerTest" classname="HighPerApp.HighPer.WebSockets.Tests.Unit.WebSocketServerTest" assertions="0" time="0.000197">
          <skipped/>
        </testcase>
        <testsuite name="HighPerApp\HighPer\WebSockets\Tests\Unit\WebSocketServerTest::testWebSocketServerThrowsExceptionWithInvalidConfiguration" tests="4" assertions="8" errors="0" failures="0" skipped="0" time="0.000408">
          <testcase name="testWebSocketServerThrowsExceptionWithInvalidConfiguration with data set &quot;invalid host&quot;" file="/home/infy/websockets/tests/Unit/WebSocketServerTest.php" line="52" class="HighPerApp\HighPer\WebSockets\Tests\Unit\WebSocketServerTest" classname="HighPerApp.HighPer.WebSockets.Tests.Unit.WebSocketServerTest" assertions="2" time="0.000136"/>
          <testcase name="testWebSocketServerThrowsExceptionWithInvalidConfiguration with data set &quot;invalid port range&quot;" file="/home/infy/websockets/tests/Unit/WebSocketServerTest.php" line="52" class="HighPerApp\HighPer\WebSockets\Tests\Unit\WebSocketServerTest" classname="HighPerApp.HighPer.WebSockets.Tests.Unit.WebSocketServerTest" assertions="2" time="0.000097"/>
          <testcase name="testWebSocketServerThrowsExceptionWithInvalidConfiguration with data set &quot;port too high&quot;" file="/home/infy/websockets/tests/Unit/WebSocketServerTest.php" line="52" class="HighPerApp\HighPer\WebSockets\Tests\Unit\WebSocketServerTest" classname="HighPerApp.HighPer.WebSockets.Tests.Unit.WebSocketServerTest" assertions="2" time="0.000093"/>
          <testcase name="testWebSocketServerThrowsExceptionWithInvalidConfiguration with data set &quot;invalid max connections&quot;" file="/home/infy/websockets/tests/Unit/WebSocketServerTest.php" line="52" class="HighPerApp\HighPer\WebSockets\Tests\Unit\WebSocketServerTest" classname="HighPerApp.HighPer.WebSockets.Tests.Unit.WebSocketServerTest" assertions="2" time="0.000082"/>
        </testsuite>
        <testsuite name="HighPerApp\HighPer\WebSockets\Tests\Unit\WebSocketServerTest::testWebSocketServerHandlesDifferentFrameTypesCorrectly" tests="5" assertions="10" errors="0" failures="0" skipped="0" time="0.000380">
          <testcase name="testWebSocketServerHandlesDifferentFrameTypesCorrectly with data set &quot;text frame&quot;" file="/home/infy/websockets/tests/Unit/WebSocketServerTest.php" line="363" class="HighPerApp\HighPer\WebSockets\Tests\Unit\WebSocketServerTest" classname="HighPerApp.HighPer.WebSockets.Tests.Unit.WebSocketServerTest" assertions="2" time="0.000085"/>
          <testcase name="testWebSocketServerHandlesDifferentFrameTypesCorrectly with data set &quot;binary frame&quot;" file="/home/infy/websockets/tests/Unit/WebSocketServerTest.php" line="363" class="HighPerApp\HighPer\WebSockets\Tests\Unit\WebSocketServerTest" classname="HighPerApp.HighPer.WebSockets.Tests.Unit.WebSocketServerTest" assertions="2" time="0.000088"/>
          <testcase name="testWebSocketServerHandlesDifferentFrameTypesCorrectly with data set &quot;close frame&quot;" file="/home/infy/websockets/tests/Unit/WebSocketServerTest.php" line="363" class="HighPerApp\HighPer\WebSockets\Tests\Unit\WebSocketServerTest" classname="HighPerApp.HighPer.WebSockets.Tests.Unit.WebSocketServerTest" assertions="2" time="0.000073"/>
          <testcase name="testWebSocketServerHandlesDifferentFrameTypesCorrectly with data set &quot;ping frame&quot;" file="/home/infy/websockets/tests/Unit/WebSocketServerTest.php" line="363" class="HighPerApp\HighPer\WebSockets\Tests\Unit\WebSocketServerTest" classname="HighPerApp.HighPer.WebSockets.Tests.Unit.WebSocketServerTest" assertions="2" time="0.000072"/>
          <testcase name="testWebSocketServerHandlesDifferentFrameTypesCorrectly with data set &quot;pong frame&quot;" file="/home/infy/websockets/tests/Unit/WebSocketServerTest.php" line="363" class="HighPerApp\HighPer\WebSockets\Tests\Unit\WebSocketServerTest" classname="HighPerApp.HighPer.WebSockets.Tests.Unit.WebSocketServerTest" assertions="2" time="0.000061"/>
        </testsuite>
      </testsuite>
    </testsuite>
  </testsuite>
</testsuites>
